SF:lib/data/catalog_repo.dart
DA:11,0
DA:13,0
DA:14,0
DA:15,0
LF:4
LH:0
end_of_record
SF:lib/src/catalog/item.dart
DA:15,1
DA:22,0
DA:23,0
DA:24,0
DA:25,0
DA:26,0
DA:31,0
DA:32,0
DA:33,0
DA:34,0
DA:35,0
DA:39,1
DA:40,4
DA:42,0
DA:43,0
LF:15
LH:3
end_of_record
SF:lib/src/catalog/catalog_bloc.dart
DA:9,0
DA:10,0
DA:19,1
DA:20,1
DA:35,0
DA:37,0
DA:38,0
DA:46,1
DA:48,1
DA:49,2
DA:60,3
DA:61,2
DA:64,1
DA:66,2
DA:68,2
DA:69,0
DA:71,4
LF:17
LH:11
end_of_record
SF:lib/src/cart/models.dart
DA:16,2
DA:24,1
DA:25,2
DA:26,5
DA:27,2
DA:31,1
DA:36,1
DA:37,1
DA:38,1
DA:39,1
DA:43,1
DA:44,4
DA:46,0
DA:48,0
DA:66,1
DA:74,2
DA:80,0
DA:81,0
DA:83,0
DA:85,0
DA:97,1
DA:103,3
DA:108,1
DA:109,4
DA:110,3
DA:111,1
DA:112,8
DA:113,3
DA:115,1
DA:116,2
DA:118,2
DA:122,1
DA:128,1
DA:129,3
DA:131,0
DA:132,0
LF:36
LH:28
end_of_record
SF:lib/src/cart/cart_bloc.dart
DA:9,0
DA:10,0
DA:19,1
DA:21,0
DA:22,0
DA:31,1
DA:33,0
DA:34,0
DA:46,1
DA:48,0
DA:49,0
DA:61,1
DA:63,0
DA:64,0
DA:74,2
DA:75,2
DA:76,2
DA:77,2
DA:78,2
DA:79,2
DA:82,1
DA:83,3
DA:84,5
DA:85,1
DA:86,1
DA:87,4
DA:89,3
DA:92,2
DA:95,1
DA:96,8
DA:97,2
DA:100,1
DA:101,2
DA:102,2
DA:103,3
DA:105,2
DA:106,2
DA:110,1
DA:111,1
DA:113,2
DA:116,1
DA:117,4
DA:118,3
DA:120,2
DA:121,1
DA:124,1
DA:126,2
DA:129,1
DA:130,1
LF:49
LH:39
end_of_record
SF:lib/src/cart/receipt.dart
DA:25,1
DA:34,0
DA:36,0
DA:38,0
DA:40,0
DA:52,1
DA:57,0
DA:58,0
DA:60,0
DA:62,0
DA:80,1
DA:87,0
DA:88,0
DA:90,0
DA:92,0
DA:107,1
DA:113,0
DA:114,0
DA:116,0
DA:118,0
DA:126,1
DA:128,2
DA:131,1
DA:137,3
DA:138,1
DA:139,2
DA:140,2
DA:141,2
DA:142,1
DA:143,1
DA:144,1
DA:146,1
DA:149,1
DA:150,2
DA:151,2
DA:152,2
DA:153,2
DA:156,1
LF:38
LH:22
end_of_record
SF:lib/src/util/money_extension.dart
DA:10,0
LF:1
LH:0
end_of_record
